<?xml version="1.0" encoding="UTF-8"?>
<!-- Generated by org.testng.reporters.JUnitReportReporter -->
<testsuite hostname="DESKTOP-CG5NQD4" failures="0" tests="1" name="airline.project2.TC_07" time="10.057" errors="0" timestamp="2024-07-29T22:45:31 IST" skipped="0">
  <testcase classname="airline.project2.TC_07" name="Validate_search_classes" time="10.057"/>
  <system-out/>
</testsuite> <!-- airline.project2.TC_07 -->
