<?xml version="1.0" encoding="UTF-8"?>
<!-- Generated by org.testng.reporters.JUnitReportReporter -->
<testsuite hostname="DESKTOP-CG5NQD4" failures="0" tests="1" name="airline.project2.TC_01" time="22.204" errors="0" timestamp="2024-07-28T23:49:49 IST" skipped="0">
  <testcase classname="airline.project2.TC_01" name="register" time="22.204"/>
  <system-out/>
</testsuite> <!-- airline.project2.TC_01 -->
