<?xml version="1.0" encoding="UTF-8"?>
<!-- Generated by org.testng.reporters.JUnitReportReporter -->
<testsuite hostname="DESKTOP-CG5NQD4" failures="0" tests="1" name="airline.project2.TC_03" time="9.922" errors="0" timestamp="2024-07-29T15:18:25 IST" skipped="0">
  <testcase classname="airline.project2.TC_03" name="login_valid_cred" time="9.922"/>
  <system-out/>
</testsuite> <!-- airline.project2.TC_03 -->
