<?xml version="1.0" encoding="UTF-8"?>
<!-- Generated by org.testng.reporters.JUnitReportReporter -->
<testsuite hostname="DESKTOP-CG5NQD4" failures="0" tests="1" name="airline.project2.TC_05" time="8.224" errors="0" timestamp="2024-07-29T22:28:27 IST" skipped="0">
  <testcase classname="airline.project2.TC_05" name="Search_round_trip" time="8.224"/>
  <system-out/>
</testsuite> <!-- airline.project2.TC_05 -->
